[15:35:57.145] [INFO] storybook v10.3.0
[15:35:57.368] [DEBUG] Getting package.json info for /Users/rogierbarendregt/Documents/MOx/package.json...
[15:35:57.496] [INFO] Starting...
[15:35:57.678] [DEBUG] Starting preview..
[15:35:57.689] [WARN] 🚨 Unable to index ./stories/EmailVerificatie.mdx:
  Error: Could not parse import/exports with acorn
    at file:///Users/rogierbarendregt/Documents/MOx/node_modules/storybook/dist/core-server/index.js:6033:24
    at async Promise.all (index 1)
    at async Promise.all (index 1)
    at async _StoryIndexGenerator.updateExtracted (file:///Users/rogierbarendregt/Documents/MOx/node_modules/storybook/dist/core-server/index.js:6016:5)
    at async _StoryIndexGenerator.ensureExtracted (file:///Users/rogierbarendregt/Documents/MOx/node_modules/storybook/dist/core-server/index.js:6053:8)
    at async _StoryIndexGenerator.initialize (file:///Users/rogierbarendregt/Documents/MOx/node_modules/storybook/dist/core-server/index.js:6012:5)
    at async file:///Users/rogierbarendregt/Documents/MOx/node_modules/storybook/dist/core-server/presets/common-preset.js:1855:10
[15:35:57.691] [ERROR] Failed to build the preview
[15:35:57.691] [ERROR] Error: Unable to index ./stories/EmailVerificatie.mdx
    at _StoryIndexGenerator.getIndexAndStats (file://./node_modules/storybook/dist/core-server/index.js:6282:15)
    at async _StoryIndexGenerator.getIndex (file://./node_modules/storybook/dist/core-server/index.js:6271:13)
    at async getOptimizeDeps (file://./node_modules/@storybook/builder-vite/dist/index.js:1857:15)
    at async createViteServer (file://./node_modules/@storybook/builder-vite/dist/index.js:1884:19)
    at async Module.start (file://./node_modules/@storybook/builder-vite/dist/index.js:1912:17)
    at async storybookDevServer (file://./node_modules/storybook/dist/core-server/index.js:7502:83)
    at async buildOrThrow (file://./node_modules/storybook/dist/core-server/index.js:4508:12)
    at async buildDevStandalone (file://./node_modules/storybook/dist/core-server/index.js:8029:41)
    at async withTelemetry (file://./node_modules/storybook/dist/_node-chunks/chunk-IWP5TMKY.js:218:12)
    at async dev (file://./node_modules/storybook/dist/bin/core.js:2736:3)
[15:35:57.693] [WARN] Broken build, fix the error above.
You may need to refresh the browser.